<?xml version="1.0" encoding="UTF-8"?>
<!-- Generated by org.testng.reporters.JUnitXMLReporter -->
<testsuite ignored="0" hostname="DESKTOP-0SQUO0H" failures="0" tests="3" name="Command line test" time="39.858" errors="0" timestamp="2024-04-01T17:50:20 CDT">
  <testcase classname="variousConcepts.CRM_Test" name="testLogin" time="9.518"/>
  <testcase classname="variousConcepts.CRM_Test" name="testAlert" time="0.529"/>
  <testcase classname="variousConcepts.CRM_Test" name="testAddCustomer" time="12.824"/>
</testsuite> <!-- Command line test -->
