<?xml version="1.0" encoding="UTF-8"?>
<!-- Generated by org.testng.reporters.JUnitXMLReporter -->
<testsuite ignored="0" hostname="DESKTOP-0SQUO0H" failures="0" tests="3" name="Default test" time="38.664" errors="0" timestamp="2024-04-01T19:06:27 CDT">
  <testcase classname="variousConcepts.CRM_Test" name="testLogin" time="9.143"/>
  <testcase classname="variousConcepts.CRM_Test" name="testAlert" time="0.524"/>
  <testcase classname="variousConcepts.CRM_Test" name="testAddCustomer" time="12.641"/>
</testsuite> <!-- Default test -->
