<?xml version="1.0" encoding="UTF-8"?>
<testng-results ignored="0" total="3" passed="3" failed="0" skipped="0">
  <reporter-output>
  </reporter-output>
  <suite started-at="2024-04-01T19:05:48 CDT" name="Default suite" finished-at="2024-04-01T19:06:27 CDT" duration-ms="38664">
    <groups>
    </groups>
    <test started-at="2024-04-01T19:05:48 CDT" name="Default test" finished-at="2024-04-01T19:06:27 CDT" duration-ms="38664">
      <class name="variousConcepts.CRM_Test">
        <test-method is-config="true" signature="readConfig()[pri:0, instance:variousConcepts.CRM_Test@5677323c]" started-at="2024-04-01T19:05:48 CDT" name="readConfig" finished-at="2024-04-01T19:05:48 CDT" duration-ms="22" status="PASS">
          <reporter-output>
          </reporter-output>
        </test-method> <!-- readConfig -->
        <test-method is-config="true" signature="reportGenerator()[pri:0, instance:variousConcepts.CRM_Test@5677323c]" started-at="2024-04-01T19:05:48 CDT" name="reportGenerator" finished-at="2024-04-01T19:05:49 CDT" duration-ms="484" status="PASS">
          <reporter-output>
          </reporter-output>
        </test-method> <!-- reportGenerator -->
        <test-method is-config="true" signature="init()[pri:0, instance:variousConcepts.CRM_Test@5677323c]" started-at="2024-04-01T19:05:49 CDT" name="init" finished-at="2024-04-01T19:05:54 CDT" duration-ms="5395" status="PASS">
          <reporter-output>
          </reporter-output>
        </test-method> <!-- init -->
        <test-method signature="testLogin()[pri:1, instance:variousConcepts.CRM_Test@5677323c]" started-at="2024-04-01T19:05:54 CDT" name="testLogin" finished-at="2024-04-01T19:06:03 CDT" duration-ms="9143" status="PASS">
          <reporter-output>
          </reporter-output>
        </test-method> <!-- testLogin -->
        <test-method is-config="true" signature="tearDown()[pri:0, instance:variousConcepts.CRM_Test@5677323c]" started-at="2024-04-01T19:06:03 CDT" name="tearDown" finished-at="2024-04-01T19:06:04 CDT" duration-ms="641" status="PASS">
          <reporter-output>
          </reporter-output>
        </test-method> <!-- tearDown -->
        <test-method is-config="true" signature="init()[pri:0, instance:variousConcepts.CRM_Test@5677323c]" started-at="2024-04-01T19:06:04 CDT" name="init" finished-at="2024-04-01T19:06:08 CDT" duration-ms="4394" status="PASS">
          <reporter-output>
          </reporter-output>
        </test-method> <!-- init -->
        <test-method signature="testAlert()[pri:2, instance:variousConcepts.CRM_Test@5677323c]" started-at="2024-04-01T19:06:08 CDT" name="testAlert" finished-at="2024-04-01T19:06:09 CDT" duration-ms="524" status="PASS">
          <reporter-output>
          </reporter-output>
        </test-method> <!-- testAlert -->
        <test-method is-config="true" signature="tearDown()[pri:0, instance:variousConcepts.CRM_Test@5677323c]" started-at="2024-04-01T19:06:09 CDT" name="tearDown" finished-at="2024-04-01T19:06:09 CDT" duration-ms="284" status="PASS">
          <reporter-output>
          </reporter-output>
        </test-method> <!-- tearDown -->
        <test-method is-config="true" signature="init()[pri:0, instance:variousConcepts.CRM_Test@5677323c]" started-at="2024-04-01T19:06:09 CDT" name="init" finished-at="2024-04-01T19:06:13 CDT" duration-ms="3589" status="PASS">
          <reporter-output>
          </reporter-output>
        </test-method> <!-- init -->
        <test-method signature="testAddCustomer()[pri:3, instance:variousConcepts.CRM_Test@5677323c]" started-at="2024-04-01T19:06:13 CDT" name="testAddCustomer" finished-at="2024-04-01T19:06:25 CDT" duration-ms="12641" status="PASS">
          <reporter-output>
          </reporter-output>
        </test-method> <!-- testAddCustomer -->
        <test-method is-config="true" signature="tearDown()[pri:0, instance:variousConcepts.CRM_Test@5677323c]" started-at="2024-04-01T19:06:25 CDT" name="tearDown" finished-at="2024-04-01T19:06:26 CDT" duration-ms="480" status="PASS">
          <reporter-output>
          </reporter-output>
        </test-method> <!-- tearDown -->
        <test-method is-config="true" signature="reporterClose()[pri:0, instance:variousConcepts.CRM_Test@5677323c]" started-at="2024-04-01T19:06:26 CDT" name="reporterClose" finished-at="2024-04-01T19:06:27 CDT" duration-ms="927" status="PASS">
          <reporter-output>
          </reporter-output>
        </test-method> <!-- reporterClose -->
      </class> <!-- variousConcepts.CRM_Test -->
    </test> <!-- Default test -->
  </suite> <!-- Default suite -->
</testng-results>
